<?xml version="1.0" encoding="UTF-8"?>
<!-- Generated by org.testng.reporters.JUnitReportReporter -->
<testsuite hostname="DESKTOP-KNQLG7N" failures="0" tests="1" name="com.blazeDemo.Baseclass.Baseclass" time="3.422" errors="0" timestamp="2022-12-15T18:31:24 IST" skipped="0">
  <testcase classname="com.blazeDemo.Baseclass.Baseclass" name="setup" time="3.422"/>
  <system-out/>
</testsuite> <!-- com.blazeDemo.Baseclass.Baseclass -->
